<?xml version="1.0" encoding="UTF-8"?>
<!-- Generated by org.testng.reporters.JUnitReportReporter -->
<testsuite hostname="HW0977" name="com.jacada.testScripts.preparationSuite.PublishInteraction" tests="1" failures="1" timestamp="11 Mar 2015 14:54:32 GMT" time="0.001" errors="0">
  <testcase name="publish_Test" time="0.001" classname="com.jacada.testScripts.preparationSuite.PublishInteraction"/>
</testsuite> <!-- com.jacada.testScripts.preparationSuite.PublishInteraction -->
