<?xml version="1.0" encoding="UTF-8"?>
<!-- Generated by org.testng.reporters.JUnitReportReporter -->
<testsuite hostname="SBESHARA-DESK" name="com.jacada.testScripts.sanity.SwitchLanguageTest" tests="2" failures="0" timestamp="12 Jan 2015 16:18:49 GMT" time="63.390" errors="0">
  <testcase name="SwitchLanguage_Test" time="25.047" classname="com.jacada.testScripts.sanity.SwitchLanguageTest"/>
  <testcase name="SwitchLanguage_Test" time="38.343" classname="com.jacada.testScripts.sanity.SwitchLanguageTest"/>
</testsuite> <!-- com.jacada.testScripts.sanity.SwitchLanguageTest -->
