<?xml version="1.0" encoding="UTF-8"?>
<!-- Generated by org.testng.reporters.JUnitReportReporter -->
<testsuite hostname="HW0977" name="com.demo.scripts.Login_Test" tests="2" failures="0" timestamp="27 Nov 2014 13:40:15 GMT" time="33.752" errors="0">
  <testcase name="InvalidLogin_Test" time="27.836" classname="com.demo.scripts.Login_Test"/>
  <testcase name="Login_Test" time="5.916" classname="com.demo.scripts.Login_Test"/>
</testsuite> <!-- com.demo.scripts.Login_Test -->
