<?xml version="1.0" encoding="UTF-8"?>
<!-- Generated by org.testng.reporters.JUnitReportReporter -->
<testsuite hostname="HW0817" name="com.demo.testScripts.smoke.DemoScript2" tests="1" failures="0" timestamp="31 Aug 2015 14:58:02 GMT" time="8.654" errors="0">
  <testcase name="trackOrder_Test" time="8.654" classname="com.demo.testScripts.smoke.DemoScript2"/>
</testsuite> <!-- com.demo.testScripts.smoke.DemoScript2 -->
