<?xml version="1.0" encoding="UTF-8"?>
<!-- Generated by org.testng.reporters.JUnitReportReporter -->
<testsuite hostname="SBESHARA-DESK" name="com.jacada.testScripts.sanity.FullFlowTest" tests="2" failures="0" timestamp="12 Jan 2015 16:18:49 GMT" time="64.633" errors="0">
  <testcase name="FullFlow_Test" time="22.472" classname="com.jacada.testScripts.sanity.FullFlowTest"/>
  <testcase name="FullFlow_Test" time="42.161" classname="com.jacada.testScripts.sanity.FullFlowTest"/>
</testsuite> <!-- com.jacada.testScripts.sanity.FullFlowTest -->
