<?xml version="1.0" encoding="UTF-8"?>
<!-- Generated by org.testng.reporters.JUnitReportReporter -->
<testsuite hostname="HW0977" name="com.jacada.testScripts.smoke.FormattingTest" tests="1" failures="0" timestamp="5 Jan 2015 14:07:28 GMT" time="8.682" errors="0">
  <testcase name="Formatting_Test" time="8.682" classname="com.jacada.testScripts.smoke.FormattingTest"/>
</testsuite> <!-- com.jacada.testScripts.smoke.FormattingTest -->
