<?xml version="1.0" encoding="UTF-8"?>
<!-- Generated by org.testng.reporters.JUnitReportReporter -->
<testsuite hostname="HW0977" name="jacada.testScripts.InteractionLanguage_Test" tests="1" failures="0" timestamp="28 Dec 2014 15:00:37 GMT" time="8.678" errors="0">
  <testcase name="POC1_TestLanguage" time="8.678" classname="jacada.testScripts.InteractionLanguage_Test"/>
</testsuite> <!-- jacada.testScripts.InteractionLanguage_Test -->
