<?xml version="1.0" encoding="UTF-8"?>
<!-- Generated by org.testng.reporters.JUnitReportReporter -->
<testsuite hostname="HW0977" name="com.demo.scripts.search_Term" tests="2" failures="0" timestamp="26 Nov 2014 13:46:24 GMT" time="79.557" errors="0">
  <testcase name="search_Term" time="39.542" classname="com.demo.scripts.search_Term"/>
  <testcase name="search_Term" time="40.015" classname="com.demo.scripts.search_Term"/>
</testsuite> <!-- com.demo.scripts.search_Term -->
