<?xml version="1.0" encoding="UTF-8"?>
<!-- Generated by org.testng.reporters.JUnitReportReporter -->
<testsuite hostname="HW0977" name="com.jacada.testScripts.POC1Language_Test" tests="1" failures="0" timestamp="30 Dec 2014 14:44:50 GMT" time="11.847" errors="0">
  <testcase name="POC1_TestLanguage" time="11.847" classname="com.jacada.testScripts.POC1Language_Test"/>
</testsuite> <!-- com.jacada.testScripts.POC1Language_Test -->
