<?xml version="1.0" encoding="UTF-8"?>
<!-- Generated by org.testng.reporters.JUnitReportReporter -->
<testsuite hostname="HW0977" name="com.jacada.testScripts.smoke.FlipkartLogin" tests="3" failures="0" timestamp="12 Mar 2015 12:52:50 GMT" time="49.451" errors="0">
  <testcase name="flipkartLogin" time="23.265" classname="com.jacada.testScripts.smoke.FlipkartLogin"/>
  <testcase name="flipkartLogin" time="12.970" classname="com.jacada.testScripts.smoke.FlipkartLogin"/>
  <testcase name="flipkartLogin" time="13.216" classname="com.jacada.testScripts.smoke.FlipkartLogin"/>
</testsuite> <!-- com.jacada.testScripts.smoke.FlipkartLogin -->
