<?xml version="1.0" encoding="UTF-8"?>
<!-- Generated by org.testng.reporters.JUnitReportReporter -->
<testsuite hostname="HW0977" name="com.jacada.testScripts.smoke.DefaultValueTest" tests="1" failures="0" timestamp="5 Jan 2015 14:07:29 GMT" time="7.086" errors="0">
  <testcase name="DefaultValue_Test" time="7.086" classname="com.jacada.testScripts.smoke.DefaultValueTest"/>
</testsuite> <!-- com.jacada.testScripts.smoke.DefaultValueTest -->
