<?xml version="1.0" encoding="UTF-8"?>
<!-- Generated by org.testng.reporters.JUnitReportReporter -->
<testsuite hostname="HW0977" name="com.demo.scripts.SampleTest1" tests="1" failures="0" timestamp="27 Dec 2014 09:48:08 GMT" time="572.105" errors="0">
  <testcase name="Spinner_Test" time="572.105" classname="com.demo.scripts.SampleTest1"/>
</testsuite> <!-- com.demo.scripts.SampleTest1 -->
