<?xml version="1.0" encoding="UTF-8"?>
<!-- Generated by org.testng.reporters.JUnitReportReporter -->
<testsuite hostname="SBESHARA-DESK" name="com.jacada.testScripts.sanity.DefaultValueTest" tests="1" failures="0" timestamp="12 Jan 2015 16:18:49 GMT" time="17.463" errors="0">
  <testcase name="DefaultValue_Test" time="17.463" classname="com.jacada.testScripts.sanity.DefaultValueTest"/>
</testsuite> <!-- com.jacada.testScripts.sanity.DefaultValueTest -->
