<?xml version="1.0" encoding="UTF-8"?>
<!-- Generated by org.testng.reporters.JUnitReportReporter -->
<testsuite hostname="HW0977" name="com.jacada.testScripts.poc.ReferenceValueTest" tests="1" failures="1" timestamp="11 Mar 2015 14:54:32 GMT" time="0.000" errors="0">
  <testcase name="ReferenceValue_Test" time="0.000" classname="com.jacada.testScripts.poc.ReferenceValueTest"/>
</testsuite> <!-- com.jacada.testScripts.poc.ReferenceValueTest -->
