<?xml version="1.0" encoding="UTF-8"?>
<!-- Generated by org.testng.reporters.JUnitReportReporter -->
<testsuite hostname="SBESHARA-DESK" name="com.jacada.testScripts.sanity.ReferenceValueTest" tests="2" failures="0" timestamp="12 Jan 2015 16:18:49 GMT" time="53.800" errors="0">
  <testcase name="ReferenceValue_Test" time="32.039" classname="com.jacada.testScripts.sanity.ReferenceValueTest"/>
  <testcase name="ReferenceValue_Test" time="21.761" classname="com.jacada.testScripts.sanity.ReferenceValueTest"/>
</testsuite> <!-- com.jacada.testScripts.sanity.ReferenceValueTest -->
