<?xml version="1.0" encoding="UTF-8"?>
<!-- Generated by org.testng.reporters.JUnitReportReporter -->
<testsuite hostname="HW0977" name="com.jacada.testScripts.sanity.SubInteractions" tests="12" failures="12" timestamp="11 Mar 2015 14:54:32 GMT" time="0.008" errors="0">
  <testcase name="Test_Breadcrumb_After_Entering_Sub_Interaction_S2T22" time="0.001" classname="com.jacada.testScripts.sanity.SubInteractions"/>
  <testcase name="Test_call_DirectDial_in_sub_interaction_S2T16" time="0.000" classname="com.jacada.testScripts.sanity.SubInteractions"/>
  <testcase name="Test_Breadcrumb_Home_After_Entering_Sub_Interaction_S2T21" time="0.000" classname="com.jacada.testScripts.sanity.SubInteractions"/>
  <testcase name="Test_secured_parent_with_secured_child_S2T12" time="0.000" classname="com.jacada.testScripts.sanity.SubInteractions"/>
  <testcase name="Test_Sub_Interaction_in_loops_S2T6" time="0.000" classname="com.jacada.testScripts.sanity.SubInteractions"/>
  <testcase name="Test_run_of_draft_sub_interaction_from_the_admin_S2T23" time="0.000" classname="com.jacada.testScripts.sanity.SubInteractions"/>
  <testcase name="Test_secured_parent_with_secured_child_Admin_Mode_S2T13" time="0.001" classname="com.jacada.testScripts.sanity.SubInteractions"/>
  <testcase name="Test_Sub_Interaction_with_ui_in_out_S2T5" time="0.004" classname="com.jacada.testScripts.sanity.SubInteractions"/>
  <testcase name="Test_Variables_mapping_in_Sub_Interaction_S2T2" time="0.000" classname="com.jacada.testScripts.sanity.SubInteractions"/>
  <testcase name="Test_Sub_Interaction_with_non_ui_in_out_S2T4" time="0.001" classname="com.jacada.testScripts.sanity.SubInteractions"/>
  <testcase name="Test_Sub_Interaction_in_loops_Parent_S2T7" time="0.001" classname="com.jacada.testScripts.sanity.SubInteractions"/>
  <testcase name="Test_3_Level_of_Sub_Interaction_S2T3" time="0.000" classname="com.jacada.testScripts.sanity.SubInteractions"/>
</testsuite> <!-- com.jacada.testScripts.sanity.SubInteractions -->
