<?xml version="1.0" encoding="UTF-8"?>
<!-- Generated by org.testng.reporters.JUnitReportReporter -->
<testsuite hostname="HW0977" name="com.demo.scripts.Submit_Claim" tests="1" failures="0" timestamp="26 Nov 2014 13:46:24 GMT" time="100.040" errors="0">
  <testcase name="Submit_Claim" time="100.040" classname="com.demo.scripts.Submit_Claim"/>
</testsuite> <!-- com.demo.scripts.Submit_Claim -->
