<?xml version="1.0" encoding="UTF-8"?>
<!-- Generated by org.testng.reporters.JUnitReportReporter -->
<testsuite hostname="HW0977" name="com.demo.scripts.InteractionReferenceValue_web" tests="1" failures="0" timestamp="4 Dec 2014 14:00:32 GMT" time="31.165" errors="0">
  <testcase name="InteractionReferenceValue_TestMobile" time="31.165" classname="com.demo.scripts.InteractionReferenceValue_web"/>
</testsuite> <!-- com.demo.scripts.InteractionReferenceValue_web -->
