<?xml version="1.0" encoding="UTF-8"?>
<!-- Generated by org.testng.reporters.JUnitReportReporter -->
<testsuite hostname="HW0977" name="com.demo.scripts.RunInteraction_Test" tests="3" failures="0" timestamp="1 Dec 2014 13:10:31 GMT" time="144.032" errors="0">
  <testcase name="RunInteraction_Test" time="48.279" classname="com.demo.scripts.RunInteraction_Test"/>
  <testcase name="RunInteraction_Test" time="51.360" classname="com.demo.scripts.RunInteraction_Test"/>
  <testcase name="RunInteraction_Test" time="44.393" classname="com.demo.scripts.RunInteraction_Test"/>
</testsuite> <!-- com.demo.scripts.RunInteraction_Test -->
