<?xml version="1.0" encoding="UTF-8"?>
<!-- Generated by org.testng.reporters.JUnitReportReporter -->
<testsuite hostname="HW0977" name="com.jacada.testScripts.smoke.Navigation" tests="1" failures="1" timestamp="11 Mar 2015 14:54:32 GMT" time="0.002" errors="0">
  <testcase name="Test_Simple_Navigation_Flow_S1T1" time="0.002" classname="com.jacada.testScripts.smoke.Navigation"/>
</testsuite> <!-- com.jacada.testScripts.smoke.Navigation -->
