<?xml version="1.0" encoding="UTF-8"?>
<!-- Generated by org.testng.reporters.JUnitReportReporter -->
<testsuite hostname="HW0977" name="com.demo.scripts.InteractionValidationMsgs_TestMobile" tests="3" failures="0" timestamp="4 Dec 2014 11:35:36 GMT" time="95.217" errors="0">
  <testcase name="InteractionValidationMsgs_TestMobile" time="32.964" classname="com.demo.scripts.InteractionValidationMsgs_TestMobile"/>
  <testcase name="InteractionValidationMsgs_TestMobile" time="30.686" classname="com.demo.scripts.InteractionValidationMsgs_TestMobile"/>
  <testcase name="InteractionValidationMsgs_TestMobile" time="31.567" classname="com.demo.scripts.InteractionValidationMsgs_TestMobile"/>
</testsuite> <!-- com.demo.scripts.InteractionValidationMsgs_TestMobile -->
