<?xml version="1.0" encoding="UTF-8"?>
<!-- Generated by org.testng.reporters.JUnitReportReporter -->
<testsuite hostname="HW0977" name="com.jacada.testScripts.smoke.ValidationTest" tests="1" failures="0" timestamp="5 Jan 2015 14:07:28 GMT" time="14.419" errors="0">
  <testcase name="Validation_Test" time="14.419" classname="com.jacada.testScripts.smoke.ValidationTest"/>
</testsuite> <!-- com.jacada.testScripts.smoke.ValidationTest -->
