<?xml version="1.0" encoding="UTF-8"?>
<!-- Generated by org.testng.reporters.JUnitReportReporter -->
<testsuite hostname="HW0977" name="com.jacada.testScripts.InteractionFullFlow_Test" tests="1" failures="0" timestamp="30 Dec 2014 09:31:25 GMT" time="18.216" errors="0">
  <testcase name="InteractionFullFlow_Test" time="18.216" classname="com.jacada.testScripts.InteractionFullFlow_Test"/>
</testsuite> <!-- com.jacada.testScripts.InteractionFullFlow_Test -->
