<?xml version="1.0" encoding="UTF-8"?>
<!-- Generated by org.testng.reporters.JUnitReportReporter -->
<testsuite hostname="HW0977" name="com.jacada.testScripts.smoke.FullFlowTest" tests="1" failures="0" timestamp="5 Jan 2015 14:07:29 GMT" time="11.895" errors="0">
  <testcase name="FullFlow_Test" time="11.895" classname="com.jacada.testScripts.smoke.FullFlowTest"/>
</testsuite> <!-- com.jacada.testScripts.smoke.FullFlowTest -->
