<?xml version="1.0" encoding="UTF-8"?>
<!-- Generated by org.testng.reporters.JUnitReportReporter -->
<testsuite hostname="HW0977" name="com.jacada.testScripts.POC2DefaultValue_Test" tests="1" failures="0" timestamp="30 Dec 2014 14:44:50 GMT" time="9.016" errors="0">
  <testcase name="POC2_DefaultValue" time="9.016" classname="com.jacada.testScripts.POC2DefaultValue_Test"/>
</testsuite> <!-- com.jacada.testScripts.POC2DefaultValue_Test -->
