<?xml version="1.0" encoding="UTF-8"?>
<!-- Generated by org.testng.reporters.JUnitReportReporter -->
<testsuite hostname="HW0977" name="com.demo.scripts.InteractionLanguage_web" tests="1" failures="0" timestamp="4 Dec 2014 14:00:32 GMT" time="47.480" errors="0">
  <testcase name="InteractionLanguage_TestMobile" time="47.480" classname="com.demo.scripts.InteractionLanguage_web"/>
</testsuite> <!-- com.demo.scripts.InteractionLanguage_web -->
