<?xml version="1.0" encoding="UTF-8"?>
<!-- Generated by org.testng.reporters.JUnitReportReporter -->
<testsuite hostname="HW0977" name="com.demo.scripts.Today_Deal" tests="2" failures="0" timestamp="26 Nov 2014 13:46:24 GMT" time="21.682" errors="0">
  <testcase name="Today_Deal" time="10.543" classname="com.demo.scripts.Today_Deal"/>
  <testcase name="Today_Deal" time="11.139" classname="com.demo.scripts.Today_Deal"/>
</testsuite> <!-- com.demo.scripts.Today_Deal -->
