<?xml version="1.0" encoding="UTF-8"?>
<!-- Generated by org.testng.reporters.JUnitReportReporter -->
<testsuite hostname="HW0977" name="com.jacada.testScripts.POC6FullFlow_Test" tests="1" failures="0" timestamp="31 Dec 2014 13:34:05 GMT" time="11.473" errors="0">
  <testcase name="POC6_FullFlow" time="11.473" classname="com.jacada.testScripts.POC6FullFlow_Test"/>
</testsuite> <!-- com.jacada.testScripts.POC6FullFlow_Test -->
