<?xml version="1.0" encoding="UTF-8"?>
<!-- Generated by org.testng.reporters.JUnitReportReporter -->
<testsuite hostname="HW0977" name="com.jacada.testScripts.InteractionLanguage_Test" tests="1" failures="0" timestamp="30 Dec 2014 09:31:24 GMT" time="37.750" errors="0">
  <testcase name="POC1_TestLanguage" time="37.750" classname="com.jacada.testScripts.InteractionLanguage_Test"/>
</testsuite> <!-- com.jacada.testScripts.InteractionLanguage_Test -->
