<?xml version="1.0" encoding="UTF-8"?>
<!-- Generated by org.testng.reporters.JUnitReportReporter -->
<testsuite hostname="HW0977" name="com.jacada.testScripts.SwitchLanguageTest" tests="1" failures="0" timestamp="5 Jan 2015 13:32:56 GMT" time="10.666" errors="0">
  <testcase name="SwitchLanguage_Test" time="10.666" classname="com.jacada.testScripts.SwitchLanguageTest"/>
</testsuite> <!-- com.jacada.testScripts.SwitchLanguageTest -->
