<?xml version="1.0" encoding="UTF-8"?>
<!-- Generated by org.testng.reporters.JUnitReportReporter -->
<testsuite hostname="HW0817" name="com.demo.testScripts.smoke.FlipkartLogin" tests="2" failures="0" timestamp="27 Aug 2015 10:18:46 GMT" time="42.424" errors="0">
  <testcase name="flipkartLogin" time="28.059" classname="com.demo.testScripts.smoke.FlipkartLogin"/>
  <testcase name="flipkartLogin_Search" time="14.365" classname="com.demo.testScripts.smoke.FlipkartLogin"/>
</testsuite> <!-- com.demo.testScripts.smoke.FlipkartLogin -->
