<?xml version="1.0" encoding="UTF-8"?>
<!-- Generated by org.testng.reporters.JUnitReportReporter -->
<testsuite hostname="HW0977" name="com.jacada.testScripts.poc.DefaultValueTest" tests="1" failures="1" timestamp="11 Mar 2015 14:54:32 GMT" time="0.002" errors="0">
  <testcase name="DefaultValue_Test" time="0.002" classname="com.jacada.testScripts.poc.DefaultValueTest"/>
</testsuite> <!-- com.jacada.testScripts.poc.DefaultValueTest -->
