<?xml version="1.0" encoding="UTF-8"?>
<!-- Generated by org.testng.reporters.JUnitReportReporter -->
<testsuite hostname="HW0817" name="com.demo.testScripts.smoke.DemoScript3" tests="1" failures="0" timestamp="9 Sep 2015 10:37:30 GMT" time="8.769" errors="0">
  <testcase name="verifyHeaderLink" time="8.769" classname="com.demo.testScripts.smoke.DemoScript3"/>
</testsuite> <!-- com.demo.testScripts.smoke.DemoScript3 -->
