<?xml version="1.0" encoding="UTF-8"?>
<!-- Generated by org.testng.reporters.JUnitReportReporter -->
<testsuite hostname="HW0977" name="com.jacada.testScripts.InteractionDefaultValue_Test" tests="1" failures="0" timestamp="30 Dec 2014 09:31:25 GMT" time="19.305" errors="0">
  <testcase name="POC2_DefaultValue" time="19.305" classname="com.jacada.testScripts.InteractionDefaultValue_Test"/>
</testsuite> <!-- com.jacada.testScripts.InteractionDefaultValue_Test -->
