<?xml version="1.0" encoding="UTF-8"?>
<!-- Generated by org.testng.reporters.JUnitReportReporter -->
<testsuite hostname="HW1014" name="com.jacada.testScripts.sanity.PublishInteractionTest" tests="1" failures="0" timestamp="8 Jan 2015 14:24:26 GMT" time="23.174" errors="0">
  <testcase name="PublishInteraction_Test" time="23.174" classname="com.jacada.testScripts.sanity.PublishInteractionTest"/>
</testsuite> <!-- com.jacada.testScripts.sanity.PublishInteractionTest -->
