<?xml version="1.0" encoding="UTF-8"?>
<!-- Generated by org.testng.reporters.JUnitReportReporter -->
<testsuite hostname="SBESHARA-DESK" name="com.jacada.testScripts.sanity.ValidationTest" tests="1" failures="0" timestamp="12 Jan 2015 16:18:49 GMT" time="65.785" errors="0">
  <testcase name="Validation_Test" time="65.785" classname="com.jacada.testScripts.sanity.ValidationTest"/>
</testsuite> <!-- com.jacada.testScripts.sanity.ValidationTest -->
