<?xml version="1.0" encoding="UTF-8"?>
<!-- Generated by org.testng.reporters.JUnitReportReporter -->
<testsuite hostname="SBESHARA-DESK" name="com.jacada.testScripts.sanity.FormattingTest" tests="1" failures="0" timestamp="12 Jan 2015 16:18:49 GMT" time="32.299" errors="0">
  <testcase name="Formatting_Test" time="32.299" classname="com.jacada.testScripts.sanity.FormattingTest"/>
</testsuite> <!-- com.jacada.testScripts.sanity.FormattingTest -->
