<?xml version="1.0" encoding="UTF-8"?>
<!-- Generated by org.testng.reporters.JUnitReportReporter -->
<testsuite hostname="HW0977" name="com.jacada.testScripts.smoke.SwitchLanguageTest" tests="1" failures="0" timestamp="5 Jan 2015 14:07:29 GMT" time="9.388" errors="0">
  <testcase name="SwitchLanguage_Test" time="9.388" classname="com.jacada.testScripts.smoke.SwitchLanguageTest"/>
</testsuite> <!-- com.jacada.testScripts.smoke.SwitchLanguageTest -->
