<?xml version="1.0" encoding="UTF-8"?>
<!-- Generated by org.testng.reporters.JUnitReportReporter -->
<testsuite hostname="HW0977" name="com.jacada.testScripts.sanity.SampleTest2" tests="1" failures="0" timestamp="5 Jan 2015 17:13:57 GMT" time="8855.462" errors="0">
  <testcase name="Game_Test" time="8855.462" classname="com.jacada.testScripts.sanity.SampleTest2"/>
</testsuite> <!-- com.jacada.testScripts.sanity.SampleTest2 -->
