<?xml version="1.0" encoding="UTF-8"?>
<!-- Generated by org.testng.reporters.JUnitReportReporter -->
<testsuite hostname="HW0977" name="com.jacada.testScripts.sanity.Navigation" tests="9" failures="9" timestamp="11 Mar 2015 14:54:32 GMT" time="0.002" errors="0">
  <testcase name="Test_Next_Back_can_be_used_after_Chat_S1T10" time="0.001" classname="com.jacada.testScripts.sanity.Navigation"/>
  <testcase name="Test_Simple_Navigation_Flow_S1T2" time="0.000" classname="com.jacada.testScripts.sanity.Navigation"/>
  <testcase name="Test_Navigation_Downtime_S1T17" time="0.000" classname="com.jacada.testScripts.sanity.Navigation"/>
  <testcase name="Test_Navigation_Flow_With_Allow_Back_False_S1T3" time="0.001" classname="com.jacada.testScripts.sanity.Navigation"/>
  <testcase name="Test_Language_and_Navigation_S1T11" time="0.000" classname="com.jacada.testScripts.sanity.Navigation"/>
  <testcase name="Navigation_With_Variables_S1T15" time="0.000" classname="com.jacada.testScripts.sanity.Navigation"/>
  <testcase name="Test_Next_Back_can_be_used_after_Help_S1T7" time="0.000" classname="com.jacada.testScripts.sanity.Navigation"/>
  <testcase name="Test_Navigation_in_Secured_Interaction_S1T13" time="0.000" classname="com.jacada.testScripts.sanity.Navigation"/>
  <testcase name="Test_Navigation_TimeOut_Test_S1T5" time="0.000" classname="com.jacada.testScripts.sanity.Navigation"/>
</testsuite> <!-- com.jacada.testScripts.sanity.Navigation -->
