<?xml version="1.0" encoding="UTF-8"?>
<!-- Generated by org.testng.reporters.JUnitReportReporter -->
<testsuite hostname="HW0977" name="com.demo.scripts.InteractionReferenceValue_TestMobile" tests="3" failures="0" timestamp="4 Dec 2014 11:35:36 GMT" time="87.139" errors="0">
  <testcase name="InteractionReferenceValue_TestMobile" time="28.587" classname="com.demo.scripts.InteractionReferenceValue_TestMobile"/>
  <testcase name="InteractionReferenceValue_TestMobile" time="31.446" classname="com.demo.scripts.InteractionReferenceValue_TestMobile"/>
  <testcase name="InteractionReferenceValue_TestMobile" time="27.106" classname="com.demo.scripts.InteractionReferenceValue_TestMobile"/>
</testsuite> <!-- com.demo.scripts.InteractionReferenceValue_TestMobile -->
