<?xml version="1.0" encoding="UTF-8"?>
<!-- Generated by org.testng.reporters.JUnitReportReporter -->
<testsuite hostname="HW0977" name="com.jacada.testScripts.regression.SubInteractions" tests="7" failures="7" timestamp="11 Mar 2015 14:54:32 GMT" time="0.005" errors="0">
  <testcase name="Test_unsecured_parent_with_secured_child_Admin_Mode_S2T15" time="0.003" classname="com.jacada.testScripts.regression.SubInteractions"/>
  <testcase name="Test_again_with_DNIS_application_S2T18" time="0.001" classname="com.jacada.testScripts.regression.SubInteractions"/>
  <testcase name="Test_sub_interaction_that_has_no_visual_elements_S2T24" time="0.001" classname="com.jacada.testScripts.regression.SubInteractions"/>
  <testcase name="Test_secured_parent_with_unsecured_child_Admin_Mode_S2T11" time="0.000" classname="com.jacada.testScripts.regression.SubInteractions"/>
  <testcase name="Test_call_DirectDial_in_sub_interaction_DTMF_S2T17" time="0.000" classname="com.jacada.testScripts.regression.SubInteractions"/>
  <testcase name="Test_secured_parent_with_unsecured_child_S2T10" time="0.000" classname="com.jacada.testScripts.regression.SubInteractions"/>
  <testcase name="Test_unsecured_parent_with_secured_child_S2T14" time="0.000" classname="com.jacada.testScripts.regression.SubInteractions"/>
</testsuite> <!-- com.jacada.testScripts.regression.SubInteractions -->
