<?xml version="1.0" encoding="UTF-8"?>
<!-- Generated by org.testng.reporters.JUnitReportReporter -->
<testsuite hostname="HW0977" name="com.jacada.testScripts.regression.Navigation" tests="7" failures="7" timestamp="11 Mar 2015 14:54:32 GMT" time="0.002" errors="0">
  <testcase name="Test_Next_Back_can_be_used_after_Chat_S1T9" time="0.000" classname="com.jacada.testScripts.regression.Navigation"/>
  <testcase name="Test_Language_and_Navigation_S1T12" time="0.000" classname="com.jacada.testScripts.regression.Navigation"/>
  <testcase name="Test_Navigation_Downtime_S1T18" time="0.000" classname="com.jacada.testScripts.regression.Navigation"/>
  <testcase name="Test_Navigation_TimeOut_S1T6" time="0.000" classname="com.jacada.testScripts.regression.Navigation"/>
  <testcase name="Test_Navigation_in_Secured_Interaction_S1T14" time="0.000" classname="com.jacada.testScripts.regression.Navigation"/>
  <testcase name="Test_Navigation_Flow_With_Allow_Back_False_S1T4" time="0.001" classname="com.jacada.testScripts.regression.Navigation"/>
  <testcase name="Navigation_With_Variables_Advanced_S1T16" time="0.001" classname="com.jacada.testScripts.regression.Navigation"/>
</testsuite> <!-- com.jacada.testScripts.regression.Navigation -->
